<?xml version="1.0" encoding="UTF-8" ?>
<testsuite failures="2" time="6.266" errors="0" skipped="0" tests="2" name="book.SectionManagerTest">
  <properties>
    <property name="java.runtime.name" value="Java(TM) SE Runtime Environment"/>
    <property name="sun.boot.library.path" value="C:\Program Files\Java\jre7\bin"/>
    <property name="java.vm.version" value="22.1-b02"/>
    <property name="java.vm.vendor" value="Oracle Corporation"/>
    <property name="java.vendor.url" value="http://java.oracle.com/"/>
    <property name="path.separator" value=";"/>
    <property name="java.vm.name" value="Java HotSpot(TM) Client VM"/>
    <property name="file.encoding.pkg" value="sun.io"/>
    <property name="user.script" value=""/>
    <property name="user.country" value="US"/>
    <property name="sun.java.launcher" value="SUN_STANDARD"/>
    <property name="sun.os.patch.level" value="Service Pack 3"/>
    <property name="java.vm.specification.name" value="Java Virtual Machine Specification"/>
    <property name="user.dir" value="C:\Documents and Settings\eis.AD\spring-template"/>
    <property name="java.runtime.version" value="1.7.0_03-b05"/>
    <property name="java.awt.graphicsenv" value="sun.awt.Win32GraphicsEnvironment"/>
    <property name="basedir" value="C:\Documents and Settings\eis.AD\spring-template"/>
    <property name="java.endorsed.dirs" value="C:\Program Files\Java\jre7\lib\endorsed"/>
    <property name="os.arch" value="x86"/>
    <property name="surefire.real.class.path" value="C:\Documents and Settings\eis.AD\spring-template\target\surefire\surefirebooter8779700957095251157.jar"/>
    <property name="java.io.tmpdir" value="C:\DOCUME~1\eis.AD\LOCALS~1\Temp\"/>
    <property name="line.separator" value="
"/>
    <property name="java.vm.specification.vendor" value="Oracle Corporation"/>
    <property name="user.variant" value=""/>
    <property name="os.name" value="Windows XP"/>
    <property name="sun.jnu.encoding" value="Cp1252"/>
    <property name="java.library.path" value="C:\Program Files\Java\jre7\bin;C:\WINDOWS\Sun\Java\bin;C:\WINDOWS\system32;C:\WINDOWS;C:/Program Files/Java/jre7/bin/client;C:/Program Files/Java/jre7/bin;C:/Program Files/Java/jre7/lib/i386;C:/WINDOWS/System32;C:\Program Files\apache-maven-3.0.4; ;C:\Program Files\Git\cmd;C:\Program Files\Git\bin;C:\Documents and Settings\eis.AD\Desktop\springsource\sts-2.8.0.RELEASE;;."/>
    <property name="surefire.test.class.path" value="C:\Documents and Settings\eis.AD\spring-template\target\test-classes;C:\Documents and Settings\eis.AD\spring-template\target\classes;C:\Documents and Settings\eis.AD\.m2\repository\com\mysql\jdbc\com.springsource.com.mysql.jdbc\5.1.6\com.springsource.com.mysql.jdbc-5.1.6.jar;C:\Documents and Settings\eis.AD\.m2\repository\org\apache\commons\com.springsource.org.apache.commons.logging\1.1.1\com.springsource.org.apache.commons.logging-1.1.1.jar;C:\Documents and Settings\eis.AD\.m2\repository\javax\validation\validation-api\1.0.0.GA\validation-api-1.0.0.GA.jar;C:\Documents and Settings\eis.AD\.m2\repository\org\hibernate\hibernate-validator\4.1.0.Final\hibernate-validator-4.1.0.Final.jar;C:\Documents and Settings\eis.AD\.m2\repository\org\codehaus\jackson\jackson-mapper-asl\1.6.4\jackson-mapper-asl-1.6.4.jar;C:\Documents and Settings\eis.AD\.m2\repository\org\codehaus\jackson\jackson-core-asl\1.6.4\jackson-core-asl-1.6.4.jar;C:\Documents and Settings\eis.AD\.m2\repository\com\google\code\gson\gson\1.7.1\gson-1.7.1.jar;C:\Documents and Settings\eis.AD\.m2\repository\com\googlecode\json-simple\json-simple\1.1\json-simple-1.1.jar;C:\Documents and Settings\eis.AD\.m2\repository\org\springframework\spring-context\3.1.0.RELEASE\spring-context-3.1.0.RELEASE.jar;C:\Documents and Settings\eis.AD\.m2\repository\org\springframework\spring-beans\3.1.0.RELEASE\spring-beans-3.1.0.RELEASE.jar;C:\Documents and Settings\eis.AD\.m2\repository\org\springframework\spring-core\3.1.0.RELEASE\spring-core-3.1.0.RELEASE.jar;C:\Documents and Settings\eis.AD\.m2\repository\org\springframework\spring-expression\3.1.0.RELEASE\spring-expression-3.1.0.RELEASE.jar;C:\Documents and Settings\eis.AD\.m2\repository\org\springframework\spring-asm\3.1.0.RELEASE\spring-asm-3.1.0.RELEASE.jar;C:\Documents and Settings\eis.AD\.m2\repository\org\springframework\spring-jdbc\3.1.0.RELEASE\spring-jdbc-3.1.0.RELEASE.jar;C:\Documents and Settings\eis.AD\.m2\repository\org\hsqldb\hsqldb\1.8.0.10\hsqldb-1.8.0.10.jar;C:\Documents and Settings\eis.AD\.m2\repository\junit\junit\4.7\junit-4.7.jar;C:\Documents and Settings\eis.AD\.m2\repository\log4j\log4j\1.2.14\log4j-1.2.14.jar;C:\Documents and Settings\eis.AD\.m2\repository\cglib\cglib\2.2.2\cglib-2.2.2.jar;C:\Documents and Settings\eis.AD\.m2\repository\asm\asm\3.3.1\asm-3.3.1.jar;C:\Documents and Settings\eis.AD\.m2\repository\org\springframework\spring-aop\3.1.0.RELEASE\spring-aop-3.1.0.RELEASE.jar;C:\Documents and Settings\eis.AD\.m2\repository\aopalliance\aopalliance\1.0\aopalliance-1.0.jar;C:\Documents and Settings\eis.AD\.m2\repository\org\aspectj\aspectjrt\1.6.8\aspectjrt-1.6.8.jar;C:\Documents and Settings\eis.AD\.m2\repository\org\aspectj\aspectjweaver\1.6.8\aspectjweaver-1.6.8.jar;C:\Documents and Settings\eis.AD\.m2\repository\org\springframework\spring-test\3.1.0.RELEASE\spring-test-3.1.0.RELEASE.jar;C:\Documents and Settings\eis.AD\.m2\repository\org\hibernate\hibernate-core\3.5.3-Final\hibernate-core-3.5.3-Final.jar;C:\Documents and Settings\eis.AD\.m2\repository\antlr\antlr\2.7.6\antlr-2.7.6.jar;C:\Documents and Settings\eis.AD\.m2\repository\commons-collections\commons-collections\3.1\commons-collections-3.1.jar;C:\Documents and Settings\eis.AD\.m2\repository\dom4j\dom4j\1.6.1\dom4j-1.6.1.jar;C:\Documents and Settings\eis.AD\.m2\repository\xml-apis\xml-apis\1.0.b2\xml-apis-1.0.b2.jar;C:\Documents and Settings\eis.AD\.m2\repository\javax\transaction\jta\1.1\jta-1.1.jar;C:\Documents and Settings\eis.AD\.m2\repository\org\hibernate\hibernate-entitymanager\3.5.3-Final\hibernate-entitymanager-3.5.3-Final.jar;C:\Documents and Settings\eis.AD\.m2\repository\javassist\javassist\3.9.0.GA\javassist-3.9.0.GA.jar;C:\Documents and Settings\eis.AD\.m2\repository\org\hibernate\javax\persistence\hibernate-jpa-2.0-api\1.0.0.Final\hibernate-jpa-2.0-api-1.0.0.Final.jar;C:\Documents and Settings\eis.AD\.m2\repository\org\hibernate\hibernate-annotations\3.5.3-Final\hibernate-annotations-3.5.3-Final.jar;C:\Documents and Settings\eis.AD\.m2\repository\org\hibernate\hibernate-commons-annotations\3.2.0.Final\hibernate-commons-annotations-3.2.0.Final.jar;C:\Documents and Settings\eis.AD\.m2\repository\org\springframework\spring-orm\3.1.0.RELEASE\spring-orm-3.1.0.RELEASE.jar;C:\Documents and Settings\eis.AD\.m2\repository\org\slf4j\slf4j-jcl\1.5.8\slf4j-jcl-1.5.8.jar;C:\Documents and Settings\eis.AD\.m2\repository\commons-logging\commons-logging\1.1.1\commons-logging-1.1.1.jar;C:\Documents and Settings\eis.AD\.m2\repository\org\slf4j\slf4j-api\1.5.8\slf4j-api-1.5.8.jar;C:\Documents and Settings\eis.AD\.m2\repository\org\springframework\spring-webmvc\3.1.0.RELEASE\spring-webmvc-3.1.0.RELEASE.jar;C:\Documents and Settings\eis.AD\.m2\repository\org\springframework\spring-context-support\3.1.0.RELEASE\spring-context-support-3.1.0.RELEASE.jar;C:\Documents and Settings\eis.AD\.m2\repository\org\springframework\spring-web\3.1.0.RELEASE\spring-web-3.1.0.RELEASE.jar;C:\Documents and Settings\eis.AD\.m2\repository\javax\servlet\servlet-api\2.5\servlet-api-2.5.jar;C:\Documents and Settings\eis.AD\.m2\repository\javax\servlet\jstl\1.2\jstl-1.2.jar;C:\Documents and Settings\eis.AD\.m2\repository\org\jasig\cas\cas-client-core\3.1.10\cas-client-core-3.1.10.jar;C:\Documents and Settings\eis.AD\.m2\repository\commons-dbcp\commons-dbcp\1.3\commons-dbcp-1.3.jar;C:\Documents and Settings\eis.AD\.m2\repository\commons-pool\commons-pool\1.5.4\commons-pool-1.5.4.jar;C:\Documents and Settings\eis.AD\.m2\repository\org\cloudfoundry\cloudfoundry-runtime\0.6.1\cloudfoundry-runtime-0.6.1.jar;C:\Documents and Settings\eis.AD\.m2\repository\org\springframework\spring-tx\3.1.0.RELEASE\spring-tx-3.1.0.RELEASE.jar;"/>
    <property name="java.specification.name" value="Java Platform API Specification"/>
    <property name="java.class.version" value="51.0"/>
    <property name="sun.management.compiler" value="HotSpot Client Compiler"/>
    <property name="os.version" value="5.1"/>
    <property name="user.home" value="C:\Documents and Settings\eis.AD"/>
    <property name="user.timezone" value="Pacific/Honolulu"/>
    <property name="java.awt.printerjob" value="sun.awt.windows.WPrinterJob"/>
    <property name="java.specification.version" value="1.7"/>
    <property name="file.encoding" value="Cp1252"/>
    <property name="user.name" value="eis"/>
    <property name="java.class.path" value="C:\Documents and Settings\eis.AD\spring-template\target\test-classes;C:\Documents and Settings\eis.AD\spring-template\target\classes;C:\Documents and Settings\eis.AD\.m2\repository\com\mysql\jdbc\com.springsource.com.mysql.jdbc\5.1.6\com.springsource.com.mysql.jdbc-5.1.6.jar;C:\Documents and Settings\eis.AD\.m2\repository\org\apache\commons\com.springsource.org.apache.commons.logging\1.1.1\com.springsource.org.apache.commons.logging-1.1.1.jar;C:\Documents and Settings\eis.AD\.m2\repository\javax\validation\validation-api\1.0.0.GA\validation-api-1.0.0.GA.jar;C:\Documents and Settings\eis.AD\.m2\repository\org\hibernate\hibernate-validator\4.1.0.Final\hibernate-validator-4.1.0.Final.jar;C:\Documents and Settings\eis.AD\.m2\repository\org\codehaus\jackson\jackson-mapper-asl\1.6.4\jackson-mapper-asl-1.6.4.jar;C:\Documents and Settings\eis.AD\.m2\repository\org\codehaus\jackson\jackson-core-asl\1.6.4\jackson-core-asl-1.6.4.jar;C:\Documents and Settings\eis.AD\.m2\repository\com\google\code\gson\gson\1.7.1\gson-1.7.1.jar;C:\Documents and Settings\eis.AD\.m2\repository\com\googlecode\json-simple\json-simple\1.1\json-simple-1.1.jar;C:\Documents and Settings\eis.AD\.m2\repository\org\springframework\spring-context\3.1.0.RELEASE\spring-context-3.1.0.RELEASE.jar;C:\Documents and Settings\eis.AD\.m2\repository\org\springframework\spring-beans\3.1.0.RELEASE\spring-beans-3.1.0.RELEASE.jar;C:\Documents and Settings\eis.AD\.m2\repository\org\springframework\spring-core\3.1.0.RELEASE\spring-core-3.1.0.RELEASE.jar;C:\Documents and Settings\eis.AD\.m2\repository\org\springframework\spring-expression\3.1.0.RELEASE\spring-expression-3.1.0.RELEASE.jar;C:\Documents and Settings\eis.AD\.m2\repository\org\springframework\spring-asm\3.1.0.RELEASE\spring-asm-3.1.0.RELEASE.jar;C:\Documents and Settings\eis.AD\.m2\repository\org\springframework\spring-jdbc\3.1.0.RELEASE\spring-jdbc-3.1.0.RELEASE.jar;C:\Documents and Settings\eis.AD\.m2\repository\org\hsqldb\hsqldb\1.8.0.10\hsqldb-1.8.0.10.jar;C:\Documents and Settings\eis.AD\.m2\repository\junit\junit\4.7\junit-4.7.jar;C:\Documents and Settings\eis.AD\.m2\repository\log4j\log4j\1.2.14\log4j-1.2.14.jar;C:\Documents and Settings\eis.AD\.m2\repository\cglib\cglib\2.2.2\cglib-2.2.2.jar;C:\Documents and Settings\eis.AD\.m2\repository\asm\asm\3.3.1\asm-3.3.1.jar;C:\Documents and Settings\eis.AD\.m2\repository\org\springframework\spring-aop\3.1.0.RELEASE\spring-aop-3.1.0.RELEASE.jar;C:\Documents and Settings\eis.AD\.m2\repository\aopalliance\aopalliance\1.0\aopalliance-1.0.jar;C:\Documents and Settings\eis.AD\.m2\repository\org\aspectj\aspectjrt\1.6.8\aspectjrt-1.6.8.jar;C:\Documents and Settings\eis.AD\.m2\repository\org\aspectj\aspectjweaver\1.6.8\aspectjweaver-1.6.8.jar;C:\Documents and Settings\eis.AD\.m2\repository\org\springframework\spring-test\3.1.0.RELEASE\spring-test-3.1.0.RELEASE.jar;C:\Documents and Settings\eis.AD\.m2\repository\org\hibernate\hibernate-core\3.5.3-Final\hibernate-core-3.5.3-Final.jar;C:\Documents and Settings\eis.AD\.m2\repository\antlr\antlr\2.7.6\antlr-2.7.6.jar;C:\Documents and Settings\eis.AD\.m2\repository\commons-collections\commons-collections\3.1\commons-collections-3.1.jar;C:\Documents and Settings\eis.AD\.m2\repository\dom4j\dom4j\1.6.1\dom4j-1.6.1.jar;C:\Documents and Settings\eis.AD\.m2\repository\xml-apis\xml-apis\1.0.b2\xml-apis-1.0.b2.jar;C:\Documents and Settings\eis.AD\.m2\repository\javax\transaction\jta\1.1\jta-1.1.jar;C:\Documents and Settings\eis.AD\.m2\repository\org\hibernate\hibernate-entitymanager\3.5.3-Final\hibernate-entitymanager-3.5.3-Final.jar;C:\Documents and Settings\eis.AD\.m2\repository\javassist\javassist\3.9.0.GA\javassist-3.9.0.GA.jar;C:\Documents and Settings\eis.AD\.m2\repository\org\hibernate\javax\persistence\hibernate-jpa-2.0-api\1.0.0.Final\hibernate-jpa-2.0-api-1.0.0.Final.jar;C:\Documents and Settings\eis.AD\.m2\repository\org\hibernate\hibernate-annotations\3.5.3-Final\hibernate-annotations-3.5.3-Final.jar;C:\Documents and Settings\eis.AD\.m2\repository\org\hibernate\hibernate-commons-annotations\3.2.0.Final\hibernate-commons-annotations-3.2.0.Final.jar;C:\Documents and Settings\eis.AD\.m2\repository\org\springframework\spring-orm\3.1.0.RELEASE\spring-orm-3.1.0.RELEASE.jar;C:\Documents and Settings\eis.AD\.m2\repository\org\slf4j\slf4j-jcl\1.5.8\slf4j-jcl-1.5.8.jar;C:\Documents and Settings\eis.AD\.m2\repository\commons-logging\commons-logging\1.1.1\commons-logging-1.1.1.jar;C:\Documents and Settings\eis.AD\.m2\repository\org\slf4j\slf4j-api\1.5.8\slf4j-api-1.5.8.jar;C:\Documents and Settings\eis.AD\.m2\repository\org\springframework\spring-webmvc\3.1.0.RELEASE\spring-webmvc-3.1.0.RELEASE.jar;C:\Documents and Settings\eis.AD\.m2\repository\org\springframework\spring-context-support\3.1.0.RELEASE\spring-context-support-3.1.0.RELEASE.jar;C:\Documents and Settings\eis.AD\.m2\repository\org\springframework\spring-web\3.1.0.RELEASE\spring-web-3.1.0.RELEASE.jar;C:\Documents and Settings\eis.AD\.m2\repository\javax\servlet\servlet-api\2.5\servlet-api-2.5.jar;C:\Documents and Settings\eis.AD\.m2\repository\javax\servlet\jstl\1.2\jstl-1.2.jar;C:\Documents and Settings\eis.AD\.m2\repository\org\jasig\cas\cas-client-core\3.1.10\cas-client-core-3.1.10.jar;C:\Documents and Settings\eis.AD\.m2\repository\commons-dbcp\commons-dbcp\1.3\commons-dbcp-1.3.jar;C:\Documents and Settings\eis.AD\.m2\repository\commons-pool\commons-pool\1.5.4\commons-pool-1.5.4.jar;C:\Documents and Settings\eis.AD\.m2\repository\org\cloudfoundry\cloudfoundry-runtime\0.6.1\cloudfoundry-runtime-0.6.1.jar;C:\Documents and Settings\eis.AD\.m2\repository\org\springframework\spring-tx\3.1.0.RELEASE\spring-tx-3.1.0.RELEASE.jar;"/>
    <property name="java.vm.specification.version" value="1.7"/>
    <property name="sun.arch.data.model" value="32"/>
    <property name="java.home" value="C:\Program Files\Java\jre7"/>
    <property name="sun.java.command" value="C:\Documents and Settings\eis.AD\spring-template\target\surefire\surefirebooter8779700957095251157.jar C:\Documents and Settings\eis.AD\spring-template\target\surefire\surefire6476979669978408061tmp C:\Documents and Settings\eis.AD\spring-template\target\surefire\surefire3293779014434005942tmp"/>
    <property name="java.specification.vendor" value="Oracle Corporation"/>
    <property name="user.language" value="en"/>
    <property name="awt.toolkit" value="sun.awt.windows.WToolkit"/>
    <property name="java.vm.info" value="mixed mode, sharing"/>
    <property name="java.version" value="1.7.0_03"/>
    <property name="java.ext.dirs" value="C:\Program Files\Java\jre7\lib\ext;C:\WINDOWS\Sun\Java\lib\ext"/>
    <property name="sun.boot.class.path" value="C:\Program Files\Java\jre7\lib\resources.jar;C:\Program Files\Java\jre7\lib\rt.jar;C:\Program Files\Java\jre7\lib\sunrsasign.jar;C:\Program Files\Java\jre7\lib\jsse.jar;C:\Program Files\Java\jre7\lib\jce.jar;C:\Program Files\Java\jre7\lib\charsets.jar;C:\Program Files\Java\jre7\classes"/>
    <property name="java.vendor" value="Oracle Corporation"/>
    <property name="localRepository" value="C:\Documents and Settings\eis.AD\.m2\repository"/>
    <property name="file.separator" value="\"/>
    <property name="java.vendor.url.bug" value="http://bugreport.sun.com/bugreport/"/>
    <property name="sun.cpu.endian" value="little"/>
    <property name="sun.io.unicode.encoding" value="UnicodeLittle"/>
    <property name="sun.desktop" value="windows"/>
    <property name="sun.cpu.isalist" value="pentium_pro+mmx pentium_pro pentium+mmx pentium i486 i386 i86"/>
  </properties>
  <testcase time="6.11" classname="book.SectionManagerTest" name="testGetAllSections">
    <failure message="Wrong number of questions expected:&lt;7&gt; but was:&lt;2&gt;" type="java.lang.AssertionError">java.lang.AssertionError: Wrong number of questions expected:&lt;7&gt; but was:&lt;2&gt;
	at org.junit.Assert.fail(Assert.java:91)
	at org.junit.Assert.failNotEquals(Assert.java:645)
	at org.junit.Assert.assertEquals(Assert.java:126)
	at org.junit.Assert.assertEquals(Assert.java:470)
	at book.SectionManagerTest.testGetAllSections(SectionManagerTest.java:45)
	at sun.reflect.NativeMethodAccessorImpl.invoke0(Native Method)
	at sun.reflect.NativeMethodAccessorImpl.invoke(Unknown Source)
	at sun.reflect.DelegatingMethodAccessorImpl.invoke(Unknown Source)
	at java.lang.reflect.Method.invoke(Unknown Source)
	at org.junit.runners.model.FrameworkMethod$1.runReflectiveCall(FrameworkMethod.java:44)
	at org.junit.internal.runners.model.ReflectiveCallable.run(ReflectiveCallable.java:15)
	at org.junit.runners.model.FrameworkMethod.invokeExplosively(FrameworkMethod.java:41)
	at org.junit.internal.runners.statements.InvokeMethod.evaluate(InvokeMethod.java:20)
	at org.junit.internal.runners.statements.RunBefores.evaluate(RunBefores.java:28)
	at org.junit.runners.BlockJUnit4ClassRunner.runChild(BlockJUnit4ClassRunner.java:76)
	at org.junit.runners.BlockJUnit4ClassRunner.runChild(BlockJUnit4ClassRunner.java:50)
	at org.junit.runners.ParentRunner$3.run(ParentRunner.java:193)
	at org.junit.runners.ParentRunner$1.schedule(ParentRunner.java:52)
	at org.junit.runners.ParentRunner.runChildren(ParentRunner.java:191)
	at org.junit.runners.ParentRunner.access$000(ParentRunner.java:42)
	at org.junit.runners.ParentRunner$2.evaluate(ParentRunner.java:184)
	at org.junit.runners.ParentRunner.run(ParentRunner.java:236)
	at org.apache.maven.surefire.junit4.JUnit4TestSet.execute(JUnit4TestSet.java:35)
	at org.apache.maven.surefire.junit4.JUnit4Provider.executeTestSet(JUnit4Provider.java:146)
	at org.apache.maven.surefire.junit4.JUnit4Provider.invoke(JUnit4Provider.java:97)
	at sun.reflect.NativeMethodAccessorImpl.invoke0(Native Method)
	at sun.reflect.NativeMethodAccessorImpl.invoke(Unknown Source)
	at sun.reflect.DelegatingMethodAccessorImpl.invoke(Unknown Source)
	at java.lang.reflect.Method.invoke(Unknown Source)
	at org.apache.maven.surefire.booter.ProviderFactory$ClassLoaderProxy.invoke(ProviderFactory.java:103)
	at $Proxy0.invoke(Unknown Source)
	at org.apache.maven.surefire.booter.SurefireStarter.invokeProvider(SurefireStarter.java:145)
	at org.apache.maven.surefire.booter.SurefireStarter.runSuitesInProcess(SurefireStarter.java:87)
	at org.apache.maven.surefire.booter.ForkedBooter.main(ForkedBooter.java:69)
</failure>
    <system-out>@HL
@HL-------------------------------------------------------
@HL T E S T S
@HL-------------------------------------------------------
@SLRunning book.SectionManagerTest
Hibernate: 
    select
        section0_.section_id as section1_0_,
        section0_.has_child as has2_0_,
        section0_.instruction_id as instruct4_0_,
        section0_.section_name as section3_0_ 
    from
        section section0_
Hibernate: 
    select
        instructio0_.instruction_id as instruct1_2_0_,
        instructio0_.instruction_name as instruct2_2_0_,
        instructio0_.instruction_txt as instruct3_2_0_ 
    from
        instruction instructio0_ 
    where
        instructio0_.instruction_id=?
Hibernate: 
    select
        children0_.parent_id as parent5_0_2_,
        children0_.section_id as section1_2_,
        children0_.section_id as section1_0_1_,
        children0_.has_child as has2_0_1_,
        children0_.instruction_id as instruct4_0_1_,
        children0_.section_name as section3_0_1_,
        instructio1_.instruction_id as instruct1_2_0_,
        instructio1_.instruction_name as instruct2_2_0_,
        instructio1_.instruction_txt as instruct3_2_0_ 
    from
        section children0_ 
    left outer join
        instruction instructio1_ 
            on children0_.instruction_id=instructio1_.instruction_id 
    where
        children0_.parent_id=?
Hibernate: 
    select
        children0_.parent_id as parent5_0_2_,
        children0_.section_id as section1_2_,
        children0_.section_id as section1_0_1_,
        children0_.has_child as has2_0_1_,
        children0_.instruction_id as instruct4_0_1_,
        children0_.section_name as section3_0_1_,
        instructio1_.instruction_id as instruct1_2_0_,
        instructio1_.instruction_name as instruct2_2_0_,
        instructio1_.instruction_txt as instruct3_2_0_ 
    from
        section children0_ 
    left outer join
        instruction instructio1_ 
            on children0_.instruction_id=instructio1_.instruction_id 
    where
        children0_.parent_id=?
</system-out>
  </testcase>
  <testcase time="0.094" classname="book.SectionManagerTest" name="testGetSection">
    <failure message="wrong Section Name expected:&lt;[Reading Writing Center]&gt; but was:&lt;[Top]&gt;" type="org.junit.ComparisonFailure">org.junit.ComparisonFailure: wrong Section Name expected:&lt;[Reading Writing Center]&gt; but was:&lt;[Top]&gt;
	at org.junit.Assert.assertEquals(Assert.java:123)
	at book.SectionManagerTest.testGetSection(SectionManagerTest.java:53)
	at sun.reflect.NativeMethodAccessorImpl.invoke0(Native Method)
	at sun.reflect.NativeMethodAccessorImpl.invoke(Unknown Source)
	at sun.reflect.DelegatingMethodAccessorImpl.invoke(Unknown Source)
	at java.lang.reflect.Method.invoke(Unknown Source)
	at org.junit.runners.model.FrameworkMethod$1.runReflectiveCall(FrameworkMethod.java:44)
	at org.junit.internal.runners.model.ReflectiveCallable.run(ReflectiveCallable.java:15)
	at org.junit.runners.model.FrameworkMethod.invokeExplosively(FrameworkMethod.java:41)
	at org.junit.internal.runners.statements.InvokeMethod.evaluate(InvokeMethod.java:20)
	at org.junit.internal.runners.statements.RunBefores.evaluate(RunBefores.java:28)
	at org.junit.runners.BlockJUnit4ClassRunner.runChild(BlockJUnit4ClassRunner.java:76)
	at org.junit.runners.BlockJUnit4ClassRunner.runChild(BlockJUnit4ClassRunner.java:50)
	at org.junit.runners.ParentRunner$3.run(ParentRunner.java:193)
	at org.junit.runners.ParentRunner$1.schedule(ParentRunner.java:52)
	at org.junit.runners.ParentRunner.runChildren(ParentRunner.java:191)
	at org.junit.runners.ParentRunner.access$000(ParentRunner.java:42)
	at org.junit.runners.ParentRunner$2.evaluate(ParentRunner.java:184)
	at org.junit.runners.ParentRunner.run(ParentRunner.java:236)
	at org.apache.maven.surefire.junit4.JUnit4TestSet.execute(JUnit4TestSet.java:35)
	at org.apache.maven.surefire.junit4.JUnit4Provider.executeTestSet(JUnit4Provider.java:146)
	at org.apache.maven.surefire.junit4.JUnit4Provider.invoke(JUnit4Provider.java:97)
	at sun.reflect.NativeMethodAccessorImpl.invoke0(Native Method)
	at sun.reflect.NativeMethodAccessorImpl.invoke(Unknown Source)
	at sun.reflect.DelegatingMethodAccessorImpl.invoke(Unknown Source)
	at java.lang.reflect.Method.invoke(Unknown Source)
	at org.apache.maven.surefire.booter.ProviderFactory$ClassLoaderProxy.invoke(ProviderFactory.java:103)
	at $Proxy0.invoke(Unknown Source)
	at org.apache.maven.surefire.booter.SurefireStarter.invokeProvider(SurefireStarter.java:145)
	at org.apache.maven.surefire.booter.SurefireStarter.runSuitesInProcess(SurefireStarter.java:87)
	at org.apache.maven.surefire.booter.ForkedBooter.main(ForkedBooter.java:69)
</failure>
    <system-out>Hibernate: 
    select
        section0_.section_id as section1_6_2_,
        section0_.has_child as has2_6_2_,
        section0_.instruction_id as instruct4_6_2_,
        section0_.section_name as section3_6_2_,
        children1_.parent_id as parent5_6_4_,
        children1_.section_id as section1_4_,
        children1_.section_id as section1_6_0_,
        children1_.has_child as has2_6_0_,
        children1_.instruction_id as instruct4_6_0_,
        children1_.section_name as section3_6_0_,
        instructio2_.instruction_id as instruct1_8_1_,
        instructio2_.instruction_name as instruct2_8_1_,
        instructio2_.instruction_txt as instruct3_8_1_ 
    from
        section section0_ 
    left outer join
        section children1_ 
            on section0_.section_id=children1_.parent_id 
    left outer join
        instruction instructio2_ 
            on children1_.instruction_id=instructio2_.instruction_id 
    where
        section0_.section_id=?
Hibernate: 
    select
        children0_.parent_id as parent5_6_2_,
        children0_.section_id as section1_2_,
        children0_.section_id as section1_6_1_,
        children0_.has_child as has2_6_1_,
        children0_.instruction_id as instruct4_6_1_,
        children0_.section_name as section3_6_1_,
        instructio1_.instruction_id as instruct1_8_0_,
        instructio1_.instruction_name as instruct2_8_0_,
        instructio1_.instruction_txt as instruct3_8_0_ 
    from
        section children0_ 
    left outer join
        instruction instructio1_ 
            on children0_.instruction_id=instructio1_.instruction_id 
    where
        children0_.parent_id=?
</system-out>
  </testcase>
</testsuite>