<?xml version="1.0" encoding="UTF-8" ?>
<testsuite failures="1" time="8.563" errors="4" skipped="0" tests="5" name="book.QuestionManagerTest">
  <properties>
    <property name="java.runtime.name" value="Java(TM) SE Runtime Environment"/>
    <property name="sun.boot.library.path" value="C:\Program Files\Java\jre7\bin"/>
    <property name="java.vm.version" value="22.1-b02"/>
    <property name="java.vm.vendor" value="Oracle Corporation"/>
    <property name="java.vendor.url" value="http://java.oracle.com/"/>
    <property name="path.separator" value=";"/>
    <property name="java.vm.name" value="Java HotSpot(TM) Client VM"/>
    <property name="file.encoding.pkg" value="sun.io"/>
    <property name="user.script" value=""/>
    <property name="user.country" value="US"/>
    <property name="sun.java.launcher" value="SUN_STANDARD"/>
    <property name="sun.os.patch.level" value="Service Pack 3"/>
    <property name="java.vm.specification.name" value="Java Virtual Machine Specification"/>
    <property name="user.dir" value="C:\Documents and Settings\eis.AD\spring-template"/>
    <property name="java.runtime.version" value="1.7.0_03-b05"/>
    <property name="java.awt.graphicsenv" value="sun.awt.Win32GraphicsEnvironment"/>
    <property name="basedir" value="C:\Documents and Settings\eis.AD\spring-template"/>
    <property name="java.endorsed.dirs" value="C:\Program Files\Java\jre7\lib\endorsed"/>
    <property name="os.arch" value="x86"/>
    <property name="surefire.real.class.path" value="C:\Documents and Settings\eis.AD\spring-template\target\surefire\surefirebooter6992554548537738068.jar"/>
    <property name="java.io.tmpdir" value="C:\DOCUME~1\eis.AD\LOCALS~1\Temp\"/>
    <property name="line.separator" value="
"/>
    <property name="java.vm.specification.vendor" value="Oracle Corporation"/>
    <property name="user.variant" value=""/>
    <property name="os.name" value="Windows XP"/>
    <property name="sun.jnu.encoding" value="Cp1252"/>
    <property name="java.library.path" value="C:\Program Files\Java\jre7\bin;C:\WINDOWS\Sun\Java\bin;C:\WINDOWS\system32;C:\WINDOWS;C:/Program Files/Java/jre7/bin/client;C:/Program Files/Java/jre7/bin;C:/Program Files/Java/jre7/lib/i386;C:/WINDOWS/System32;C:\Program Files\apache-maven-3.0.4; ;C:\Program Files\Git\cmd;C:\Program Files\Git\bin;C:\Documents and Settings\eis.AD\Desktop\springsource\sts-2.8.0.RELEASE;;."/>
    <property name="surefire.test.class.path" value="C:\Documents and Settings\eis.AD\spring-template\target\test-classes;C:\Documents and Settings\eis.AD\spring-template\target\classes;C:\Documents and Settings\eis.AD\.m2\repository\com\mysql\jdbc\com.springsource.com.mysql.jdbc\5.1.6\com.springsource.com.mysql.jdbc-5.1.6.jar;C:\Documents and Settings\eis.AD\.m2\repository\org\apache\commons\com.springsource.org.apache.commons.logging\1.1.1\com.springsource.org.apache.commons.logging-1.1.1.jar;C:\Documents and Settings\eis.AD\.m2\repository\javax\validation\validation-api\1.0.0.GA\validation-api-1.0.0.GA.jar;C:\Documents and Settings\eis.AD\.m2\repository\org\hibernate\hibernate-validator\4.1.0.Final\hibernate-validator-4.1.0.Final.jar;C:\Documents and Settings\eis.AD\.m2\repository\org\codehaus\jackson\jackson-mapper-asl\1.6.4\jackson-mapper-asl-1.6.4.jar;C:\Documents and Settings\eis.AD\.m2\repository\org\codehaus\jackson\jackson-core-asl\1.6.4\jackson-core-asl-1.6.4.jar;C:\Documents and Settings\eis.AD\.m2\repository\com\google\code\gson\gson\1.7.1\gson-1.7.1.jar;C:\Documents and Settings\eis.AD\.m2\repository\com\googlecode\json-simple\json-simple\1.1\json-simple-1.1.jar;C:\Documents and Settings\eis.AD\.m2\repository\org\springframework\spring-context\3.1.0.RELEASE\spring-context-3.1.0.RELEASE.jar;C:\Documents and Settings\eis.AD\.m2\repository\org\springframework\spring-beans\3.1.0.RELEASE\spring-beans-3.1.0.RELEASE.jar;C:\Documents and Settings\eis.AD\.m2\repository\org\springframework\spring-core\3.1.0.RELEASE\spring-core-3.1.0.RELEASE.jar;C:\Documents and Settings\eis.AD\.m2\repository\org\springframework\spring-expression\3.1.0.RELEASE\spring-expression-3.1.0.RELEASE.jar;C:\Documents and Settings\eis.AD\.m2\repository\org\springframework\spring-asm\3.1.0.RELEASE\spring-asm-3.1.0.RELEASE.jar;C:\Documents and Settings\eis.AD\.m2\repository\org\springframework\spring-jdbc\3.1.0.RELEASE\spring-jdbc-3.1.0.RELEASE.jar;C:\Documents and Settings\eis.AD\.m2\repository\org\hsqldb\hsqldb\1.8.0.10\hsqldb-1.8.0.10.jar;C:\Documents and Settings\eis.AD\.m2\repository\junit\junit\4.7\junit-4.7.jar;C:\Documents and Settings\eis.AD\.m2\repository\log4j\log4j\1.2.14\log4j-1.2.14.jar;C:\Documents and Settings\eis.AD\.m2\repository\cglib\cglib\2.2.2\cglib-2.2.2.jar;C:\Documents and Settings\eis.AD\.m2\repository\asm\asm\3.3.1\asm-3.3.1.jar;C:\Documents and Settings\eis.AD\.m2\repository\org\springframework\spring-aop\3.1.0.RELEASE\spring-aop-3.1.0.RELEASE.jar;C:\Documents and Settings\eis.AD\.m2\repository\aopalliance\aopalliance\1.0\aopalliance-1.0.jar;C:\Documents and Settings\eis.AD\.m2\repository\org\aspectj\aspectjrt\1.6.8\aspectjrt-1.6.8.jar;C:\Documents and Settings\eis.AD\.m2\repository\org\aspectj\aspectjweaver\1.6.8\aspectjweaver-1.6.8.jar;C:\Documents and Settings\eis.AD\.m2\repository\org\springframework\spring-test\3.1.0.RELEASE\spring-test-3.1.0.RELEASE.jar;C:\Documents and Settings\eis.AD\.m2\repository\org\hibernate\hibernate-core\3.5.3-Final\hibernate-core-3.5.3-Final.jar;C:\Documents and Settings\eis.AD\.m2\repository\antlr\antlr\2.7.6\antlr-2.7.6.jar;C:\Documents and Settings\eis.AD\.m2\repository\commons-collections\commons-collections\3.1\commons-collections-3.1.jar;C:\Documents and Settings\eis.AD\.m2\repository\dom4j\dom4j\1.6.1\dom4j-1.6.1.jar;C:\Documents and Settings\eis.AD\.m2\repository\xml-apis\xml-apis\1.0.b2\xml-apis-1.0.b2.jar;C:\Documents and Settings\eis.AD\.m2\repository\javax\transaction\jta\1.1\jta-1.1.jar;C:\Documents and Settings\eis.AD\.m2\repository\org\hibernate\hibernate-entitymanager\3.5.3-Final\hibernate-entitymanager-3.5.3-Final.jar;C:\Documents and Settings\eis.AD\.m2\repository\javassist\javassist\3.9.0.GA\javassist-3.9.0.GA.jar;C:\Documents and Settings\eis.AD\.m2\repository\org\hibernate\javax\persistence\hibernate-jpa-2.0-api\1.0.0.Final\hibernate-jpa-2.0-api-1.0.0.Final.jar;C:\Documents and Settings\eis.AD\.m2\repository\org\hibernate\hibernate-annotations\3.5.3-Final\hibernate-annotations-3.5.3-Final.jar;C:\Documents and Settings\eis.AD\.m2\repository\org\hibernate\hibernate-commons-annotations\3.2.0.Final\hibernate-commons-annotations-3.2.0.Final.jar;C:\Documents and Settings\eis.AD\.m2\repository\org\springframework\spring-orm\3.1.0.RELEASE\spring-orm-3.1.0.RELEASE.jar;C:\Documents and Settings\eis.AD\.m2\repository\org\slf4j\slf4j-jcl\1.5.8\slf4j-jcl-1.5.8.jar;C:\Documents and Settings\eis.AD\.m2\repository\commons-logging\commons-logging\1.1.1\commons-logging-1.1.1.jar;C:\Documents and Settings\eis.AD\.m2\repository\org\slf4j\slf4j-api\1.5.8\slf4j-api-1.5.8.jar;C:\Documents and Settings\eis.AD\.m2\repository\org\springframework\spring-webmvc\3.1.0.RELEASE\spring-webmvc-3.1.0.RELEASE.jar;C:\Documents and Settings\eis.AD\.m2\repository\org\springframework\spring-context-support\3.1.0.RELEASE\spring-context-support-3.1.0.RELEASE.jar;C:\Documents and Settings\eis.AD\.m2\repository\org\springframework\spring-web\3.1.0.RELEASE\spring-web-3.1.0.RELEASE.jar;C:\Documents and Settings\eis.AD\.m2\repository\javax\servlet\servlet-api\2.5\servlet-api-2.5.jar;C:\Documents and Settings\eis.AD\.m2\repository\javax\servlet\jstl\1.2\jstl-1.2.jar;C:\Documents and Settings\eis.AD\.m2\repository\org\jasig\cas\cas-client-core\3.1.10\cas-client-core-3.1.10.jar;C:\Documents and Settings\eis.AD\.m2\repository\commons-dbcp\commons-dbcp\1.3\commons-dbcp-1.3.jar;C:\Documents and Settings\eis.AD\.m2\repository\commons-pool\commons-pool\1.5.4\commons-pool-1.5.4.jar;C:\Documents and Settings\eis.AD\.m2\repository\org\cloudfoundry\cloudfoundry-runtime\0.6.1\cloudfoundry-runtime-0.6.1.jar;C:\Documents and Settings\eis.AD\.m2\repository\org\springframework\spring-tx\3.1.0.RELEASE\spring-tx-3.1.0.RELEASE.jar;"/>
    <property name="java.specification.name" value="Java Platform API Specification"/>
    <property name="java.class.version" value="51.0"/>
    <property name="sun.management.compiler" value="HotSpot Client Compiler"/>
    <property name="os.version" value="5.1"/>
    <property name="user.home" value="C:\Documents and Settings\eis.AD"/>
    <property name="user.timezone" value="Pacific/Honolulu"/>
    <property name="java.awt.printerjob" value="sun.awt.windows.WPrinterJob"/>
    <property name="java.specification.version" value="1.7"/>
    <property name="file.encoding" value="Cp1252"/>
    <property name="user.name" value="eis"/>
    <property name="java.class.path" value="C:\Documents and Settings\eis.AD\spring-template\target\test-classes;C:\Documents and Settings\eis.AD\spring-template\target\classes;C:\Documents and Settings\eis.AD\.m2\repository\com\mysql\jdbc\com.springsource.com.mysql.jdbc\5.1.6\com.springsource.com.mysql.jdbc-5.1.6.jar;C:\Documents and Settings\eis.AD\.m2\repository\org\apache\commons\com.springsource.org.apache.commons.logging\1.1.1\com.springsource.org.apache.commons.logging-1.1.1.jar;C:\Documents and Settings\eis.AD\.m2\repository\javax\validation\validation-api\1.0.0.GA\validation-api-1.0.0.GA.jar;C:\Documents and Settings\eis.AD\.m2\repository\org\hibernate\hibernate-validator\4.1.0.Final\hibernate-validator-4.1.0.Final.jar;C:\Documents and Settings\eis.AD\.m2\repository\org\codehaus\jackson\jackson-mapper-asl\1.6.4\jackson-mapper-asl-1.6.4.jar;C:\Documents and Settings\eis.AD\.m2\repository\org\codehaus\jackson\jackson-core-asl\1.6.4\jackson-core-asl-1.6.4.jar;C:\Documents and Settings\eis.AD\.m2\repository\com\google\code\gson\gson\1.7.1\gson-1.7.1.jar;C:\Documents and Settings\eis.AD\.m2\repository\com\googlecode\json-simple\json-simple\1.1\json-simple-1.1.jar;C:\Documents and Settings\eis.AD\.m2\repository\org\springframework\spring-context\3.1.0.RELEASE\spring-context-3.1.0.RELEASE.jar;C:\Documents and Settings\eis.AD\.m2\repository\org\springframework\spring-beans\3.1.0.RELEASE\spring-beans-3.1.0.RELEASE.jar;C:\Documents and Settings\eis.AD\.m2\repository\org\springframework\spring-core\3.1.0.RELEASE\spring-core-3.1.0.RELEASE.jar;C:\Documents and Settings\eis.AD\.m2\repository\org\springframework\spring-expression\3.1.0.RELEASE\spring-expression-3.1.0.RELEASE.jar;C:\Documents and Settings\eis.AD\.m2\repository\org\springframework\spring-asm\3.1.0.RELEASE\spring-asm-3.1.0.RELEASE.jar;C:\Documents and Settings\eis.AD\.m2\repository\org\springframework\spring-jdbc\3.1.0.RELEASE\spring-jdbc-3.1.0.RELEASE.jar;C:\Documents and Settings\eis.AD\.m2\repository\org\hsqldb\hsqldb\1.8.0.10\hsqldb-1.8.0.10.jar;C:\Documents and Settings\eis.AD\.m2\repository\junit\junit\4.7\junit-4.7.jar;C:\Documents and Settings\eis.AD\.m2\repository\log4j\log4j\1.2.14\log4j-1.2.14.jar;C:\Documents and Settings\eis.AD\.m2\repository\cglib\cglib\2.2.2\cglib-2.2.2.jar;C:\Documents and Settings\eis.AD\.m2\repository\asm\asm\3.3.1\asm-3.3.1.jar;C:\Documents and Settings\eis.AD\.m2\repository\org\springframework\spring-aop\3.1.0.RELEASE\spring-aop-3.1.0.RELEASE.jar;C:\Documents and Settings\eis.AD\.m2\repository\aopalliance\aopalliance\1.0\aopalliance-1.0.jar;C:\Documents and Settings\eis.AD\.m2\repository\org\aspectj\aspectjrt\1.6.8\aspectjrt-1.6.8.jar;C:\Documents and Settings\eis.AD\.m2\repository\org\aspectj\aspectjweaver\1.6.8\aspectjweaver-1.6.8.jar;C:\Documents and Settings\eis.AD\.m2\repository\org\springframework\spring-test\3.1.0.RELEASE\spring-test-3.1.0.RELEASE.jar;C:\Documents and Settings\eis.AD\.m2\repository\org\hibernate\hibernate-core\3.5.3-Final\hibernate-core-3.5.3-Final.jar;C:\Documents and Settings\eis.AD\.m2\repository\antlr\antlr\2.7.6\antlr-2.7.6.jar;C:\Documents and Settings\eis.AD\.m2\repository\commons-collections\commons-collections\3.1\commons-collections-3.1.jar;C:\Documents and Settings\eis.AD\.m2\repository\dom4j\dom4j\1.6.1\dom4j-1.6.1.jar;C:\Documents and Settings\eis.AD\.m2\repository\xml-apis\xml-apis\1.0.b2\xml-apis-1.0.b2.jar;C:\Documents and Settings\eis.AD\.m2\repository\javax\transaction\jta\1.1\jta-1.1.jar;C:\Documents and Settings\eis.AD\.m2\repository\org\hibernate\hibernate-entitymanager\3.5.3-Final\hibernate-entitymanager-3.5.3-Final.jar;C:\Documents and Settings\eis.AD\.m2\repository\javassist\javassist\3.9.0.GA\javassist-3.9.0.GA.jar;C:\Documents and Settings\eis.AD\.m2\repository\org\hibernate\javax\persistence\hibernate-jpa-2.0-api\1.0.0.Final\hibernate-jpa-2.0-api-1.0.0.Final.jar;C:\Documents and Settings\eis.AD\.m2\repository\org\hibernate\hibernate-annotations\3.5.3-Final\hibernate-annotations-3.5.3-Final.jar;C:\Documents and Settings\eis.AD\.m2\repository\org\hibernate\hibernate-commons-annotations\3.2.0.Final\hibernate-commons-annotations-3.2.0.Final.jar;C:\Documents and Settings\eis.AD\.m2\repository\org\springframework\spring-orm\3.1.0.RELEASE\spring-orm-3.1.0.RELEASE.jar;C:\Documents and Settings\eis.AD\.m2\repository\org\slf4j\slf4j-jcl\1.5.8\slf4j-jcl-1.5.8.jar;C:\Documents and Settings\eis.AD\.m2\repository\commons-logging\commons-logging\1.1.1\commons-logging-1.1.1.jar;C:\Documents and Settings\eis.AD\.m2\repository\org\slf4j\slf4j-api\1.5.8\slf4j-api-1.5.8.jar;C:\Documents and Settings\eis.AD\.m2\repository\org\springframework\spring-webmvc\3.1.0.RELEASE\spring-webmvc-3.1.0.RELEASE.jar;C:\Documents and Settings\eis.AD\.m2\repository\org\springframework\spring-context-support\3.1.0.RELEASE\spring-context-support-3.1.0.RELEASE.jar;C:\Documents and Settings\eis.AD\.m2\repository\org\springframework\spring-web\3.1.0.RELEASE\spring-web-3.1.0.RELEASE.jar;C:\Documents and Settings\eis.AD\.m2\repository\javax\servlet\servlet-api\2.5\servlet-api-2.5.jar;C:\Documents and Settings\eis.AD\.m2\repository\javax\servlet\jstl\1.2\jstl-1.2.jar;C:\Documents and Settings\eis.AD\.m2\repository\org\jasig\cas\cas-client-core\3.1.10\cas-client-core-3.1.10.jar;C:\Documents and Settings\eis.AD\.m2\repository\commons-dbcp\commons-dbcp\1.3\commons-dbcp-1.3.jar;C:\Documents and Settings\eis.AD\.m2\repository\commons-pool\commons-pool\1.5.4\commons-pool-1.5.4.jar;C:\Documents and Settings\eis.AD\.m2\repository\org\cloudfoundry\cloudfoundry-runtime\0.6.1\cloudfoundry-runtime-0.6.1.jar;C:\Documents and Settings\eis.AD\.m2\repository\org\springframework\spring-tx\3.1.0.RELEASE\spring-tx-3.1.0.RELEASE.jar;"/>
    <property name="java.vm.specification.version" value="1.7"/>
    <property name="sun.arch.data.model" value="32"/>
    <property name="java.home" value="C:\Program Files\Java\jre7"/>
    <property name="sun.java.command" value="C:\Documents and Settings\eis.AD\spring-template\target\surefire\surefirebooter6992554548537738068.jar C:\Documents and Settings\eis.AD\spring-template\target\surefire\surefire2914054850266762519tmp C:\Documents and Settings\eis.AD\spring-template\target\surefire\surefire3538092282502680101tmp"/>
    <property name="java.specification.vendor" value="Oracle Corporation"/>
    <property name="user.language" value="en"/>
    <property name="awt.toolkit" value="sun.awt.windows.WToolkit"/>
    <property name="java.vm.info" value="mixed mode, sharing"/>
    <property name="java.version" value="1.7.0_03"/>
    <property name="java.ext.dirs" value="C:\Program Files\Java\jre7\lib\ext;C:\WINDOWS\Sun\Java\lib\ext"/>
    <property name="sun.boot.class.path" value="C:\Program Files\Java\jre7\lib\resources.jar;C:\Program Files\Java\jre7\lib\rt.jar;C:\Program Files\Java\jre7\lib\sunrsasign.jar;C:\Program Files\Java\jre7\lib\jsse.jar;C:\Program Files\Java\jre7\lib\jce.jar;C:\Program Files\Java\jre7\lib\charsets.jar;C:\Program Files\Java\jre7\classes"/>
    <property name="java.vendor" value="Oracle Corporation"/>
    <property name="localRepository" value="C:\Documents and Settings\eis.AD\.m2\repository"/>
    <property name="file.separator" value="\"/>
    <property name="java.vendor.url.bug" value="http://bugreport.sun.com/bugreport/"/>
    <property name="sun.cpu.endian" value="little"/>
    <property name="sun.io.unicode.encoding" value="UnicodeLittle"/>
    <property name="sun.desktop" value="windows"/>
    <property name="sun.cpu.isalist" value="pentium_pro+mmx pentium_pro pentium+mmx pentium i486 i386 i86"/>
  </properties>
  <testcase time="7.813" classname="book.QuestionManagerTest" name="testGetAllQuesitions">
    <failure message="Wrong number of questions expected:&lt;4&gt; but was:&lt;0&gt;" type="java.lang.AssertionError">java.lang.AssertionError: Wrong number of questions expected:&lt;4&gt; but was:&lt;0&gt;
	at org.junit.Assert.fail(Assert.java:91)
	at org.junit.Assert.failNotEquals(Assert.java:645)
	at org.junit.Assert.assertEquals(Assert.java:126)
	at org.junit.Assert.assertEquals(Assert.java:470)
	at book.QuestionManagerTest.testGetAllQuesitions(QuestionManagerTest.java:71)
	at sun.reflect.NativeMethodAccessorImpl.invoke0(Native Method)
	at sun.reflect.NativeMethodAccessorImpl.invoke(Unknown Source)
	at sun.reflect.DelegatingMethodAccessorImpl.invoke(Unknown Source)
	at java.lang.reflect.Method.invoke(Unknown Source)
	at org.junit.runners.model.FrameworkMethod$1.runReflectiveCall(FrameworkMethod.java:44)
	at org.junit.internal.runners.model.ReflectiveCallable.run(ReflectiveCallable.java:15)
	at org.junit.runners.model.FrameworkMethod.invokeExplosively(FrameworkMethod.java:41)
	at org.junit.internal.runners.statements.InvokeMethod.evaluate(InvokeMethod.java:20)
	at org.junit.internal.runners.statements.RunBefores.evaluate(RunBefores.java:28)
	at org.junit.runners.BlockJUnit4ClassRunner.runChild(BlockJUnit4ClassRunner.java:76)
	at org.junit.runners.BlockJUnit4ClassRunner.runChild(BlockJUnit4ClassRunner.java:50)
	at org.junit.runners.ParentRunner$3.run(ParentRunner.java:193)
	at org.junit.runners.ParentRunner$1.schedule(ParentRunner.java:52)
	at org.junit.runners.ParentRunner.runChildren(ParentRunner.java:191)
	at org.junit.runners.ParentRunner.access$000(ParentRunner.java:42)
	at org.junit.runners.ParentRunner$2.evaluate(ParentRunner.java:184)
	at org.junit.runners.ParentRunner.run(ParentRunner.java:236)
	at org.apache.maven.surefire.junit4.JUnit4TestSet.execute(JUnit4TestSet.java:35)
	at org.apache.maven.surefire.junit4.JUnit4Provider.executeTestSet(JUnit4Provider.java:146)
	at org.apache.maven.surefire.junit4.JUnit4Provider.invoke(JUnit4Provider.java:97)
	at sun.reflect.NativeMethodAccessorImpl.invoke0(Native Method)
	at sun.reflect.NativeMethodAccessorImpl.invoke(Unknown Source)
	at sun.reflect.DelegatingMethodAccessorImpl.invoke(Unknown Source)
	at java.lang.reflect.Method.invoke(Unknown Source)
	at org.apache.maven.surefire.booter.ProviderFactory$ClassLoaderProxy.invoke(ProviderFactory.java:103)
	at $Proxy0.invoke(Unknown Source)
	at org.apache.maven.surefire.booter.SurefireStarter.invokeProvider(SurefireStarter.java:145)
	at org.apache.maven.surefire.booter.SurefireStarter.runSuitesInProcess(SurefireStarter.java:87)
	at org.apache.maven.surefire.booter.ForkedBooter.main(ForkedBooter.java:69)
</failure>
    <system-out>@HL
@HL-------------------------------------------------------
@HL T E S T S
@HL-------------------------------------------------------
@SLRunning book.QuestionManagerTest
Hibernate: 
    select
        question0_.question_id as question1_0_,
        question0_.question_answer as question2_0_,
        question0_.question_options as question3_0_,
        question0_.question_txt as question4_0_,
        question0_.section_id as section5_0_ 
    from
        question question0_
</system-out>
  </testcase>
  <testcase time="0.109" classname="book.QuestionManagerTest" name="testGetQuestion">
    <error message="No row with the given identifier exists: [book.entities.Question#1]" type="org.hibernate.ObjectNotFoundException">org.hibernate.ObjectNotFoundException: No row with the given identifier exists: [book.entities.Question#1]
	at org.hibernate.impl.SessionFactoryImpl$2.handleEntityNotFound(SessionFactoryImpl.java:447)
	at org.hibernate.proxy.AbstractLazyInitializer.checkTargetState(AbstractLazyInitializer.java:189)
	at org.hibernate.proxy.AbstractLazyInitializer.initialize(AbstractLazyInitializer.java:178)
	at org.hibernate.proxy.AbstractLazyInitializer.getImplementation(AbstractLazyInitializer.java:215)
	at org.hibernate.proxy.pojo.javassist.JavassistLazyInitializer.invoke(JavassistLazyInitializer.java:191)
	at book.entities.Question_$$_javassist_2.toString(Question_$$_javassist_2.java)
	at book.QuestionManagerTest.testGetQuestion(QuestionManagerTest.java:82)
	at sun.reflect.NativeMethodAccessorImpl.invoke0(Native Method)
	at sun.reflect.NativeMethodAccessorImpl.invoke(Unknown Source)
	at sun.reflect.DelegatingMethodAccessorImpl.invoke(Unknown Source)
	at java.lang.reflect.Method.invoke(Unknown Source)
	at org.junit.runners.model.FrameworkMethod$1.runReflectiveCall(FrameworkMethod.java:44)
	at org.junit.internal.runners.model.ReflectiveCallable.run(ReflectiveCallable.java:15)
	at org.junit.runners.model.FrameworkMethod.invokeExplosively(FrameworkMethod.java:41)
	at org.junit.internal.runners.statements.InvokeMethod.evaluate(InvokeMethod.java:20)
	at org.junit.internal.runners.statements.RunBefores.evaluate(RunBefores.java:28)
	at org.junit.runners.BlockJUnit4ClassRunner.runChild(BlockJUnit4ClassRunner.java:76)
	at org.junit.runners.BlockJUnit4ClassRunner.runChild(BlockJUnit4ClassRunner.java:50)
	at org.junit.runners.ParentRunner$3.run(ParentRunner.java:193)
	at org.junit.runners.ParentRunner$1.schedule(ParentRunner.java:52)
	at org.junit.runners.ParentRunner.runChildren(ParentRunner.java:191)
	at org.junit.runners.ParentRunner.access$000(ParentRunner.java:42)
	at org.junit.runners.ParentRunner$2.evaluate(ParentRunner.java:184)
	at org.junit.runners.ParentRunner.run(ParentRunner.java:236)
	at org.apache.maven.surefire.junit4.JUnit4TestSet.execute(JUnit4TestSet.java:35)
	at org.apache.maven.surefire.junit4.JUnit4Provider.executeTestSet(JUnit4Provider.java:146)
	at org.apache.maven.surefire.junit4.JUnit4Provider.invoke(JUnit4Provider.java:97)
	at sun.reflect.NativeMethodAccessorImpl.invoke0(Native Method)
	at sun.reflect.NativeMethodAccessorImpl.invoke(Unknown Source)
	at sun.reflect.DelegatingMethodAccessorImpl.invoke(Unknown Source)
	at java.lang.reflect.Method.invoke(Unknown Source)
	at org.apache.maven.surefire.booter.ProviderFactory$ClassLoaderProxy.invoke(ProviderFactory.java:103)
	at $Proxy0.invoke(Unknown Source)
	at org.apache.maven.surefire.booter.SurefireStarter.invokeProvider(SurefireStarter.java:145)
	at org.apache.maven.surefire.booter.SurefireStarter.runSuitesInProcess(SurefireStarter.java:87)
	at org.apache.maven.surefire.booter.ForkedBooter.main(ForkedBooter.java:69)
</error>
    <system-out>Hibernate: 
    select
        question0_.question_id as question1_6_3_,
        question0_.question_answer as question2_6_3_,
        question0_.question_options as question3_6_3_,
        question0_.question_txt as question4_6_3_,
        question0_.section_id as section5_6_3_,
        section1_.section_id as section1_7_0_,
        section1_.has_child as has2_7_0_,
        section1_.instruction_id as instruct4_7_0_,
        section1_.section_name as section3_7_0_,
        children2_.parent_id as parent5_7_5_,
        children2_.section_id as section1_5_,
        children2_.section_id as section1_7_1_,
        children2_.has_child as has2_7_1_,
        children2_.instruction_id as instruct4_7_1_,
        children2_.section_name as section3_7_1_,
        instructio3_.instruction_id as instruct1_8_2_,
        instructio3_.instruction_name as instruct2_8_2_,
        instructio3_.instruction_txt as instruct3_8_2_ 
    from
        question question0_ 
    inner join
        section section1_ 
            on question0_.section_id=section1_.section_id 
    left outer join
        section children2_ 
            on section1_.section_id=children2_.parent_id 
    left outer join
        instruction instructio3_ 
            on section1_.instruction_id=instructio3_.instruction_id 
    where
        question0_.question_id=?
</system-out>
  </testcase>
  <testcase time="0.094" classname="book.QuestionManagerTest" name="testaddQuestion">
    <error message="No row with the given identifier exists: [book.entities.Section#3]" type="org.hibernate.ObjectNotFoundException">org.hibernate.ObjectNotFoundException: No row with the given identifier exists: [book.entities.Section#3]
	at org.hibernate.impl.SessionFactoryImpl$2.handleEntityNotFound(SessionFactoryImpl.java:447)
	at org.hibernate.proxy.AbstractLazyInitializer.checkTargetState(AbstractLazyInitializer.java:189)
	at org.hibernate.proxy.AbstractLazyInitializer.initialize(AbstractLazyInitializer.java:178)
	at org.hibernate.proxy.AbstractLazyInitializer.getImplementation(AbstractLazyInitializer.java:215)
	at org.hibernate.proxy.pojo.javassist.JavassistLazyInitializer.invoke(JavassistLazyInitializer.java:191)
	at book.entities.Section_$$_javassist_0.getSectionName(Section_$$_javassist_0.java)
	at book.entities.Question.toString(Question.java:89)
	at book.hibernate.QuestionManager.addQuestion(QuestionManager.java:53)
	at book.QuestionManagerTest.testaddQuestion(QuestionManagerTest.java:97)
	at sun.reflect.NativeMethodAccessorImpl.invoke0(Native Method)
	at sun.reflect.NativeMethodAccessorImpl.invoke(Unknown Source)
	at sun.reflect.DelegatingMethodAccessorImpl.invoke(Unknown Source)
	at java.lang.reflect.Method.invoke(Unknown Source)
	at org.junit.runners.model.FrameworkMethod$1.runReflectiveCall(FrameworkMethod.java:44)
	at org.junit.internal.runners.model.ReflectiveCallable.run(ReflectiveCallable.java:15)
	at org.junit.runners.model.FrameworkMethod.invokeExplosively(FrameworkMethod.java:41)
	at org.junit.internal.runners.statements.InvokeMethod.evaluate(InvokeMethod.java:20)
	at org.junit.internal.runners.statements.RunBefores.evaluate(RunBefores.java:28)
	at org.junit.runners.BlockJUnit4ClassRunner.runChild(BlockJUnit4ClassRunner.java:76)
	at org.junit.runners.BlockJUnit4ClassRunner.runChild(BlockJUnit4ClassRunner.java:50)
	at org.junit.runners.ParentRunner$3.run(ParentRunner.java:193)
	at org.junit.runners.ParentRunner$1.schedule(ParentRunner.java:52)
	at org.junit.runners.ParentRunner.runChildren(ParentRunner.java:191)
	at org.junit.runners.ParentRunner.access$000(ParentRunner.java:42)
	at org.junit.runners.ParentRunner$2.evaluate(ParentRunner.java:184)
	at org.junit.runners.ParentRunner.run(ParentRunner.java:236)
	at org.apache.maven.surefire.junit4.JUnit4TestSet.execute(JUnit4TestSet.java:35)
	at org.apache.maven.surefire.junit4.JUnit4Provider.executeTestSet(JUnit4Provider.java:146)
	at org.apache.maven.surefire.junit4.JUnit4Provider.invoke(JUnit4Provider.java:97)
	at sun.reflect.NativeMethodAccessorImpl.invoke0(Native Method)
	at sun.reflect.NativeMethodAccessorImpl.invoke(Unknown Source)
	at sun.reflect.DelegatingMethodAccessorImpl.invoke(Unknown Source)
	at java.lang.reflect.Method.invoke(Unknown Source)
	at org.apache.maven.surefire.booter.ProviderFactory$ClassLoaderProxy.invoke(ProviderFactory.java:103)
	at $Proxy0.invoke(Unknown Source)
	at org.apache.maven.surefire.booter.SurefireStarter.invokeProvider(SurefireStarter.java:145)
	at org.apache.maven.surefire.booter.SurefireStarter.runSuitesInProcess(SurefireStarter.java:87)
	at org.apache.maven.surefire.booter.ForkedBooter.main(ForkedBooter.java:69)
</error>
    <system-out>Hibernate: 
    select
        question0_.question_id as question1_12_,
        question0_.question_answer as question2_12_,
        question0_.question_options as question3_12_,
        question0_.question_txt as question4_12_,
        question0_.section_id as section5_12_ 
    from
        question question0_
Size before Insertion: 0
Hibernate: 
    select
        section0_.section_id as section1_13_2_,
        section0_.has_child as has2_13_2_,
        section0_.instruction_id as instruct4_13_2_,
        section0_.section_name as section3_13_2_,
        children1_.parent_id as parent5_13_4_,
        children1_.section_id as section1_4_,
        children1_.section_id as section1_13_0_,
        children1_.has_child as has2_13_0_,
        children1_.instruction_id as instruct4_13_0_,
        children1_.section_name as section3_13_0_,
        instructio2_.instruction_id as instruct1_14_1_,
        instructio2_.instruction_name as instruct2_14_1_,
        instructio2_.instruction_txt as instruct3_14_1_ 
    from
        section section0_ 
    left outer join
        section children1_ 
            on section0_.section_id=children1_.parent_id 
    left outer join
        instruction instructio2_ 
            on children1_.instruction_id=instructio2_.instruction_id 
    where
        section0_.section_id=?
</system-out>
  </testcase>
  <testcase time="0.063" classname="book.QuestionManagerTest" name="testRemoveQuestion">
    <error message="No row with the given identifier exists: [book.entities.Question#2]" type="org.hibernate.ObjectNotFoundException">org.hibernate.ObjectNotFoundException: No row with the given identifier exists: [book.entities.Question#2]
	at org.hibernate.impl.SessionFactoryImpl$2.handleEntityNotFound(SessionFactoryImpl.java:447)
	at org.hibernate.proxy.AbstractLazyInitializer.checkTargetState(AbstractLazyInitializer.java:189)
	at org.hibernate.proxy.AbstractLazyInitializer.initialize(AbstractLazyInitializer.java:178)
	at org.hibernate.proxy.AbstractLazyInitializer.getImplementation(AbstractLazyInitializer.java:215)
	at org.hibernate.engine.StatefulPersistenceContext.unproxyAndReassociate(StatefulPersistenceContext.java:618)
	at org.hibernate.event.def.DefaultDeleteEventListener.onDelete(DefaultDeleteEventListener.java:90)
	at org.hibernate.event.def.DefaultDeleteEventListener.onDelete(DefaultDeleteEventListener.java:74)
	at org.hibernate.impl.SessionImpl.fireDelete(SessionImpl.java:948)
	at org.hibernate.impl.SessionImpl.delete(SessionImpl.java:926)
	at book.hibernate.QuestionManager.removeQuestion(QuestionManager.java:58)
	at book.QuestionManagerTest.testRemoveQuestion(QuestionManagerTest.java:109)
	at sun.reflect.NativeMethodAccessorImpl.invoke0(Native Method)
	at sun.reflect.NativeMethodAccessorImpl.invoke(Unknown Source)
	at sun.reflect.DelegatingMethodAccessorImpl.invoke(Unknown Source)
	at java.lang.reflect.Method.invoke(Unknown Source)
	at org.junit.runners.model.FrameworkMethod$1.runReflectiveCall(FrameworkMethod.java:44)
	at org.junit.internal.runners.model.ReflectiveCallable.run(ReflectiveCallable.java:15)
	at org.junit.runners.model.FrameworkMethod.invokeExplosively(FrameworkMethod.java:41)
	at org.junit.internal.runners.statements.InvokeMethod.evaluate(InvokeMethod.java:20)
	at org.junit.internal.runners.statements.RunBefores.evaluate(RunBefores.java:28)
	at org.junit.runners.BlockJUnit4ClassRunner.runChild(BlockJUnit4ClassRunner.java:76)
	at org.junit.runners.BlockJUnit4ClassRunner.runChild(BlockJUnit4ClassRunner.java:50)
	at org.junit.runners.ParentRunner$3.run(ParentRunner.java:193)
	at org.junit.runners.ParentRunner$1.schedule(ParentRunner.java:52)
	at org.junit.runners.ParentRunner.runChildren(ParentRunner.java:191)
	at org.junit.runners.ParentRunner.access$000(ParentRunner.java:42)
	at org.junit.runners.ParentRunner$2.evaluate(ParentRunner.java:184)
	at org.junit.runners.ParentRunner.run(ParentRunner.java:236)
	at org.apache.maven.surefire.junit4.JUnit4TestSet.execute(JUnit4TestSet.java:35)
	at org.apache.maven.surefire.junit4.JUnit4Provider.executeTestSet(JUnit4Provider.java:146)
	at org.apache.maven.surefire.junit4.JUnit4Provider.invoke(JUnit4Provider.java:97)
	at sun.reflect.NativeMethodAccessorImpl.invoke0(Native Method)
	at sun.reflect.NativeMethodAccessorImpl.invoke(Unknown Source)
	at sun.reflect.DelegatingMethodAccessorImpl.invoke(Unknown Source)
	at java.lang.reflect.Method.invoke(Unknown Source)
	at org.apache.maven.surefire.booter.ProviderFactory$ClassLoaderProxy.invoke(ProviderFactory.java:103)
	at $Proxy0.invoke(Unknown Source)
	at org.apache.maven.surefire.booter.SurefireStarter.invokeProvider(SurefireStarter.java:145)
	at org.apache.maven.surefire.booter.SurefireStarter.runSuitesInProcess(SurefireStarter.java:87)
	at org.apache.maven.surefire.booter.ForkedBooter.main(ForkedBooter.java:69)
</error>
    <system-out>Hibernate: 
    select
        question0_.question_id as question1_18_,
        question0_.question_answer as question2_18_,
        question0_.question_options as question3_18_,
        question0_.question_txt as question4_18_,
        question0_.section_id as section5_18_ 
    from
        question question0_
Size before Deletion: 0
Hibernate: 
    select
        question0_.question_id as question1_18_3_,
        question0_.question_answer as question2_18_3_,
        question0_.question_options as question3_18_3_,
        question0_.question_txt as question4_18_3_,
        question0_.section_id as section5_18_3_,
        section1_.section_id as section1_19_0_,
        section1_.has_child as has2_19_0_,
        section1_.instruction_id as instruct4_19_0_,
        section1_.section_name as section3_19_0_,
        children2_.parent_id as parent5_19_5_,
        children2_.section_id as section1_5_,
        children2_.section_id as section1_19_1_,
        children2_.has_child as has2_19_1_,
        children2_.instruction_id as instruct4_19_1_,
        children2_.section_name as section3_19_1_,
        instructio3_.instruction_id as instruct1_20_2_,
        instructio3_.instruction_name as instruct2_20_2_,
        instructio3_.instruction_txt as instruct3_20_2_ 
    from
        question question0_ 
    inner join
        section section1_ 
            on question0_.section_id=section1_.section_id 
    left outer join
        section children2_ 
            on section1_.section_id=children2_.parent_id 
    left outer join
        instruction instructio3_ 
            on section1_.instruction_id=instructio3_.instruction_id 
    where
        question0_.question_id=?
</system-out>
  </testcase>
  <testcase time="0.078" classname="book.QuestionManagerTest" name="testUpdateQuestion">
    <error message="No row with the given identifier exists: [book.entities.Question#1]" type="org.hibernate.ObjectNotFoundException">org.hibernate.ObjectNotFoundException: No row with the given identifier exists: [book.entities.Question#1]
	at org.hibernate.impl.SessionFactoryImpl$2.handleEntityNotFound(SessionFactoryImpl.java:447)
	at org.hibernate.proxy.AbstractLazyInitializer.checkTargetState(AbstractLazyInitializer.java:189)
	at org.hibernate.proxy.AbstractLazyInitializer.initialize(AbstractLazyInitializer.java:178)
	at org.hibernate.proxy.AbstractLazyInitializer.getImplementation(AbstractLazyInitializer.java:215)
	at org.hibernate.proxy.pojo.javassist.JavassistLazyInitializer.invoke(JavassistLazyInitializer.java:191)
	at book.entities.Question_$$_javassist_2.toString(Question_$$_javassist_2.java)
	at book.QuestionManagerTest.testUpdateQuestion(QuestionManagerTest.java:127)
	at sun.reflect.NativeMethodAccessorImpl.invoke0(Native Method)
	at sun.reflect.NativeMethodAccessorImpl.invoke(Unknown Source)
	at sun.reflect.DelegatingMethodAccessorImpl.invoke(Unknown Source)
	at java.lang.reflect.Method.invoke(Unknown Source)
	at org.junit.runners.model.FrameworkMethod$1.runReflectiveCall(FrameworkMethod.java:44)
	at org.junit.internal.runners.model.ReflectiveCallable.run(ReflectiveCallable.java:15)
	at org.junit.runners.model.FrameworkMethod.invokeExplosively(FrameworkMethod.java:41)
	at org.junit.internal.runners.statements.InvokeMethod.evaluate(InvokeMethod.java:20)
	at org.junit.internal.runners.statements.RunBefores.evaluate(RunBefores.java:28)
	at org.junit.runners.BlockJUnit4ClassRunner.runChild(BlockJUnit4ClassRunner.java:76)
	at org.junit.runners.BlockJUnit4ClassRunner.runChild(BlockJUnit4ClassRunner.java:50)
	at org.junit.runners.ParentRunner$3.run(ParentRunner.java:193)
	at org.junit.runners.ParentRunner$1.schedule(ParentRunner.java:52)
	at org.junit.runners.ParentRunner.runChildren(ParentRunner.java:191)
	at org.junit.runners.ParentRunner.access$000(ParentRunner.java:42)
	at org.junit.runners.ParentRunner$2.evaluate(ParentRunner.java:184)
	at org.junit.runners.ParentRunner.run(ParentRunner.java:236)
	at org.apache.maven.surefire.junit4.JUnit4TestSet.execute(JUnit4TestSet.java:35)
	at org.apache.maven.surefire.junit4.JUnit4Provider.executeTestSet(JUnit4Provider.java:146)
	at org.apache.maven.surefire.junit4.JUnit4Provider.invoke(JUnit4Provider.java:97)
	at sun.reflect.NativeMethodAccessorImpl.invoke0(Native Method)
	at sun.reflect.NativeMethodAccessorImpl.invoke(Unknown Source)
	at sun.reflect.DelegatingMethodAccessorImpl.invoke(Unknown Source)
	at java.lang.reflect.Method.invoke(Unknown Source)
	at org.apache.maven.surefire.booter.ProviderFactory$ClassLoaderProxy.invoke(ProviderFactory.java:103)
	at $Proxy0.invoke(Unknown Source)
	at org.apache.maven.surefire.booter.SurefireStarter.invokeProvider(SurefireStarter.java:145)
	at org.apache.maven.surefire.booter.SurefireStarter.runSuitesInProcess(SurefireStarter.java:87)
	at org.apache.maven.surefire.booter.ForkedBooter.main(ForkedBooter.java:69)
</error>
    <system-out>Hibernate: 
    select
        question0_.question_id as question1_24_3_,
        question0_.question_answer as question2_24_3_,
        question0_.question_options as question3_24_3_,
        question0_.question_txt as question4_24_3_,
        question0_.section_id as section5_24_3_,
        section1_.section_id as section1_25_0_,
        section1_.has_child as has2_25_0_,
        section1_.instruction_id as instruct4_25_0_,
        section1_.section_name as section3_25_0_,
        children2_.parent_id as parent5_25_5_,
        children2_.section_id as section1_5_,
        children2_.section_id as section1_25_1_,
        children2_.has_child as has2_25_1_,
        children2_.instruction_id as instruct4_25_1_,
        children2_.section_name as section3_25_1_,
        instructio3_.instruction_id as instruct1_26_2_,
        instructio3_.instruction_name as instruct2_26_2_,
        instructio3_.instruction_txt as instruct3_26_2_ 
    from
        question question0_ 
    inner join
        section section1_ 
            on question0_.section_id=section1_.section_id 
    left outer join
        section children2_ 
            on section1_.section_id=children2_.parent_id 
    left outer join
        instruction instructio3_ 
            on section1_.instruction_id=instructio3_.instruction_id 
    where
        question0_.question_id=?
</system-out>
  </testcase>
</testsuite>